0 info it worked if it ends with ok
1 verbose cli [ 'c:\\Program Files\\nodejs\\node.exe',
1 verbose cli   'c:\\Program Files\\nodejs\\node_modules\\npm\\bin\\npm-cli.js',
1 verbose cli   'install',
1 verbose cli   '--save',
1 verbose cli   'modernizr.js' ]
2 info using npm@2.10.1
3 info using node@v0.12.4
4 verbose install initial load of e:\nastia_work\OpenServer\domains\hw2\package.json
5 warn package.json gpr@0.1.0 No description
6 warn package.json gpr@0.1.0 No repository field.
7 warn package.json gpr@0.1.0 No README data
8 warn package.json gpr@0.1.0 No license field.
9 verbose installManyTop reading scoped package data from e:\nastia_work\OpenServer\domains\hw2\node_modules\gulp\package.json
10 verbose installManyTop reading scoped package data from e:\nastia_work\OpenServer\domains\hw2\node_modules\gulp-autoprefixer\package.json
11 verbose installManyTop reading scoped package data from e:\nastia_work\OpenServer\domains\hw2\node_modules\gulp-concat-css\package.json
12 verbose installManyTop reading scoped package data from e:\nastia_work\OpenServer\domains\hw2\node_modules\gulp-connect\package.json
13 verbose installManyTop reading scoped package data from e:\nastia_work\OpenServer\domains\hw2\node_modules\gulp-livereload\package.json
14 verbose installManyTop reading scoped package data from e:\nastia_work\OpenServer\domains\hw2\node_modules\gulp-minify-css\package.json
15 verbose installManyTop reading scoped package data from e:\nastia_work\OpenServer\domains\hw2\node_modules\gulp-notify\package.json
16 verbose installManyTop reading scoped package data from e:\nastia_work\OpenServer\domains\hw2\node_modules\gulp-rename\package.json
17 verbose installManyTop reading scoped package data from e:\nastia_work\OpenServer\domains\hw2\node_modules\gulp-sass\package.json
18 verbose installManyTop reading scoped package data from e:\nastia_work\OpenServer\domains\hw2\node_modules\gulp-uncss\package.json
19 verbose installManyTop reading scoped package data from e:\nastia_work\OpenServer\domains\hw2\node_modules\normalize.css\package.json
20 info package.json gulp-concat-css@2.2.0 No license field.
21 info package.json gulp-notify@2.2.0 No license field.
22 info package.json gulp-rename@1.2.2 No license field.
23 verbose readDependencies loading dependencies from e:\nastia_work\OpenServer\domains\hw2\package.json
24 silly cache add args [ 'modernizr.js', null ]
25 verbose cache add spec modernizr.js
26 silly cache add parsed spec { raw: 'modernizr.js',
26 silly cache add   scope: null,
26 silly cache add   name: 'modernizr.js',
26 silly cache add   rawSpec: '',
26 silly cache add   spec: '*',
26 silly cache add   type: 'range' }
27 silly addNamed modernizr.js@*
28 verbose addNamed "*" is a valid semver range for modernizr.js
29 silly addNameRange { name: 'modernizr.js', range: '*', hasData: false }
30 silly mapToRegistry name modernizr.js
31 silly mapToRegistry using default registry
32 silly mapToRegistry registry https://registry.npmjs.org/
33 silly mapToRegistry uri https://registry.npmjs.org/modernizr.js
34 verbose addNameRange registry:https://registry.npmjs.org/modernizr.js not in flight; fetching
35 verbose request uri https://registry.npmjs.org/modernizr.js
36 verbose request no auth needed
37 info attempt registry request try #1 at 17:24:22
38 verbose request id 3b7d3a2d1da46a59
39 http request GET https://registry.npmjs.org/modernizr.js
40 http 404 https://registry.npmjs.org/modernizr.js
41 verbose headers { server: 'CouchDB/1.5.0 (Erlang OTP/R16B03)',
41 verbose headers   'content-type': 'application/json',
41 verbose headers   'cache-control': 'max-age=0',
41 verbose headers   'content-length': '51',
41 verbose headers   'accept-ranges': 'bytes',
41 verbose headers   date: 'Fri, 26 Jun 2015 14:24:26 GMT',
41 verbose headers   via: '1.1 varnish',
41 verbose headers   age: '0',
41 verbose headers   connection: 'keep-alive',
41 verbose headers   'x-served-by': 'cache-ams4145-AMS',
41 verbose headers   'x-cache': 'MISS',
41 verbose headers   'x-cache-hits': '0',
41 verbose headers   'x-timer': 'S1435328666.829158,VS0,VE112' }
42 silly get cb [ 404,
42 silly get   { server: 'CouchDB/1.5.0 (Erlang OTP/R16B03)',
42 silly get     'content-type': 'application/json',
42 silly get     'cache-control': 'max-age=0',
42 silly get     'content-length': '51',
42 silly get     'accept-ranges': 'bytes',
42 silly get     date: 'Fri, 26 Jun 2015 14:24:26 GMT',
42 silly get     via: '1.1 varnish',
42 silly get     age: '0',
42 silly get     connection: 'keep-alive',
42 silly get     'x-served-by': 'cache-ams4145-AMS',
42 silly get     'x-cache': 'MISS',
42 silly get     'x-cache-hits': '0',
42 silly get     'x-timer': 'S1435328666.829158,VS0,VE112' } ]
43 verbose stack Error: 404 Not Found: modernizr.js
43 verbose stack     at CachingRegistryClient.<anonymous> (c:\Program Files\nodejs\node_modules\npm\node_modules\npm-registry-client\lib\request.js:245:14)
43 verbose stack     at Request._callback (c:\Program Files\nodejs\node_modules\npm\node_modules\npm-registry-client\lib\request.js:170:14)
43 verbose stack     at Request.self.callback (c:\Program Files\nodejs\node_modules\npm\node_modules\request\request.js:368:22)
43 verbose stack     at Request.emit (events.js:110:17)
43 verbose stack     at Request.<anonymous> (c:\Program Files\nodejs\node_modules\npm\node_modules\request\request.js:1219:14)
43 verbose stack     at Request.emit (events.js:129:20)
43 verbose stack     at IncomingMessage.<anonymous> (c:\Program Files\nodejs\node_modules\npm\node_modules\request\request.js:1167:12)
43 verbose stack     at IncomingMessage.emit (events.js:129:20)
43 verbose stack     at _stream_readable.js:908:16
43 verbose stack     at process._tickCallback (node.js:355:11)
44 verbose statusCode 404
45 verbose pkgid modernizr.js
46 verbose cwd e:\nastia_work\OpenServer\domains\hw2
47 error Windows_NT 6.1.7601
48 error argv "c:\\Program Files\\nodejs\\node.exe" "c:\\Program Files\\nodejs\\node_modules\\npm\\bin\\npm-cli.js" "install" "--save" "modernizr.js"
49 error node v0.12.4
50 error npm  v2.10.1
51 error code E404
52 error 404 Not Found: modernizr.js
52 error 404
52 error 404 'modernizr.js' is not in the npm registry.
52 error 404 You should bug the author to publish it (or use the name yourself!)
52 error 404 It was specified as a dependency of 'gpr'
52 error 404
52 error 404 Note that you can also install from a
52 error 404 tarball, folder, http url, or git url.
53 verbose exit [ 1, true ]
